--------------------------------------------------------------------------------
Release 14.7 Trace  (nt64)
Copyright (c) 1995-2013 Xilinx, Inc.  All rights reserved.

C:\Xilinx\14.7\ISE_DS\ISE\bin\nt64\unwrapped\trce.exe -filter
C:/Users/Admin/Desktop/BESEM7/Practicals/VLSID/Xilinx/Verilog/iseconfig/filter.filter
-intstyle ise -v 3 -s 3 -n 3 -fastpaths -xml Decoder2_4.twx Decoder2_4.ncd -o
Decoder2_4.twr Decoder2_4.pcf

Design file:              Decoder2_4.ncd
Physical constraint file: Decoder2_4.pcf
Device,package,speed:     xc6slx16,csg324,C,-3 (PRODUCTION 1.23 2013-10-13)
Report level:             verbose report

Environment Variable      Effect 
--------------------      ------ 
NONE                      No environment variables were set
--------------------------------------------------------------------------------

INFO:Timing:2698 - No timing constraints found, doing default enumeration.
INFO:Timing:3412 - To improve timing, see the Timing Closure User Guide (UG612).
INFO:Timing:2752 - To get complete path coverage, use the unconstrained paths 
   option. All paths that are not constrained will be reported in the 
   unconstrained paths section(s) of the report.
INFO:Timing:3339 - The clock-to-out numbers in this timing report are based on 
   a 50 Ohm transmission line loading model.  For the details of this model, 
   and for more information on accounting for different loading conditions, 
   please see the device datasheet.



Data Sheet report:
-----------------
All values displayed in nanoseconds (ns)

Pad to Pad
---------------+---------------+---------+
Source Pad     |Destination Pad|  Delay  |
---------------+---------------+---------+
a<0>           |y<0>           |    6.133|
a<0>           |y<1>           |    6.096|
a<0>           |y<2>           |    5.978|
a<0>           |y<3>           |    6.351|
a<1>           |y<0>           |    6.298|
a<1>           |y<1>           |    6.261|
a<1>           |y<2>           |    6.143|
a<1>           |y<3>           |    6.516|
en             |y<0>           |    6.552|
en             |y<1>           |    6.515|
en             |y<2>           |    6.397|
en             |y<3>           |    6.770|
---------------+---------------+---------+


Analysis completed Thu Oct 17 00:25:22 2019 
--------------------------------------------------------------------------------

Trace Settings:
-------------------------
Trace Settings 

Peak Memory Usage: 4574 MB



